2019-01-30 13:19:47 0 [Note] d:\documents\github\diplom\diplom_gorokhov\openserver\ospanel\modules\database\MySQL-5.6\bin\mysqld.exe (mysqld 5.6.41) starting as process 3660 ...
2019-01-30 13:19:47 3660 [Note] Plugin 'FEDERATED' is disabled.
2019-01-30 13:19:48 3660 [Note] InnoDB: Using atomics to ref count buffer pool pages
2019-01-30 13:19:48 3660 [Note] InnoDB: The InnoDB memory heap is disabled
2019-01-30 13:19:48 3660 [Note] InnoDB: Mutexes and rw_locks use Windows interlocked functions
2019-01-30 13:19:48 3660 [Note] InnoDB: Memory barrier is not used
2019-01-30 13:19:48 3660 [Note] InnoDB: Compressed tables use zlib 1.2.3
2019-01-30 13:19:48 3660 [Note] InnoDB: Not using CPU crc32 instructions
2019-01-30 13:19:48 3660 [Note] InnoDB: Initializing buffer pool, size = 128.0M
2019-01-30 13:19:48 3660 [Note] InnoDB: Completed initialization of buffer pool
2019-01-30 13:19:49 3660 [Note] InnoDB: Highest supported file format is Barracuda.
2019-01-30 13:19:49 3660 [Note] InnoDB: 128 rollback segment(s) are active.
2019-01-30 13:19:49 3660 [Note] InnoDB: Waiting for purge to start
2019-01-30 13:19:49 3660 [Note] InnoDB: Waiting for purge to start
2019-01-30 13:19:49 3660 [Note] InnoDB: Waiting for purge to start
2019-01-30 13:19:49 3660 [Note] InnoDB: Waiting for purge to start
2019-01-30 13:19:50 3660 [Note] InnoDB: 5.6.41 started; log sequence number 1694793
2019-01-30 13:19:50 3660 [Note] Server hostname (bind-address): '127.0.0.1'; port: 3306
2019-01-30 13:19:50 3660 [Note]   - '127.0.0.1' resolves to '127.0.0.1';
2019-01-30 13:19:50 3660 [Note] Server socket created on IP: '127.0.0.1'.
2019-01-30 13:19:54 3660 [Note] Event Scheduler: Loaded 0 events
2019-01-30 13:19:54 3660 [Note] d:\documents\github\diplom\diplom_gorokhov\openserver\ospanel\modules\database\MySQL-5.6\bin\mysqld.exe: ready for connections.
Version: '5.6.41'  socket: ''  port: 3306  MySQL Community Server (GPL)
2019-01-30 13:42:59 3660 [Note] d:\documents\github\diplom\diplom_gorokhov\openserver\ospanel\modules\database\MySQL-5.6\bin\mysqld.exe: Normal shutdown

2019-01-30 13:42:59 3660 [Note] Giving 0 client threads a chance to die gracefully
2019-01-30 13:42:59 3660 [Note] Event Scheduler: Purging the queue. 0 events
2019-01-30 13:42:59 3660 [Note] Shutting down slave threads
2019-01-30 13:42:59 3660 [Note] Forcefully disconnecting 0 remaining clients
2019-01-30 13:42:59 3660 [Note] Binlog end
2019-01-30 13:43:00 3660 [Note] Shutting down plugin 'partition'
2019-01-30 13:43:00 3660 [Note] Shutting down plugin 'PERFORMANCE_SCHEMA'
2019-01-30 13:43:00 3660 [Note] Shutting down plugin 'INNODB_SYS_DATAFILES'
2019-01-30 13:43:00 3660 [Note] Shutting down plugin 'INNODB_SYS_TABLESPACES'
2019-01-30 13:43:00 3660 [Note] Shutting down plugin 'INNODB_SYS_FOREIGN_COLS'
2019-01-30 13:43:00 3660 [Note] Shutting down plugin 'INNODB_SYS_FOREIGN'
2019-01-30 13:43:01 3660 [Note] Shutting down plugin 'INNODB_SYS_FIELDS'
2019-01-30 13:43:01 3660 [Note] Shutting down plugin 'INNODB_SYS_COLUMNS'
2019-01-30 13:43:01 3660 [Note] Shutting down plugin 'INNODB_SYS_INDEXES'
2019-01-30 13:43:01 3660 [Note] Shutting down plugin 'INNODB_SYS_TABLESTATS'
2019-01-30 13:43:01 3660 [Note] Shutting down plugin 'INNODB_SYS_TABLES'
2019-01-30 13:43:01 3660 [Note] Shutting down plugin 'INNODB_FT_INDEX_TABLE'
2019-01-30 13:43:01 3660 [Note] Shutting down plugin 'INNODB_FT_INDEX_CACHE'
2019-01-30 13:43:01 3660 [Note] Shutting down plugin 'INNODB_FT_CONFIG'
2019-01-30 13:43:01 3660 [Note] Shutting down plugin 'INNODB_FT_BEING_DELETED'
2019-01-30 13:43:01 3660 [Note] Shutting down plugin 'INNODB_FT_DELETED'
2019-01-30 13:43:01 3660 [Note] Shutting down plugin 'INNODB_FT_DEFAULT_STOPWORD'
2019-01-30 13:43:01 3660 [Note] Shutting down plugin 'INNODB_METRICS'
2019-01-30 13:43:01 3660 [Note] Shutting down plugin 'INNODB_BUFFER_POOL_STATS'
2019-01-30 13:43:01 3660 [Note] Shutting down plugin 'INNODB_BUFFER_PAGE_LRU'
2019-01-30 13:43:01 3660 [Note] Shutting down plugin 'INNODB_BUFFER_PAGE'
2019-01-30 13:43:01 3660 [Note] Shutting down plugin 'INNODB_CMP_PER_INDEX_RESET'
2019-01-30 13:43:01 3660 [Note] Shutting down plugin 'INNODB_CMP_PER_INDEX'
2019-01-30 13:43:01 3660 [Note] Shutting down plugin 'INNODB_CMPMEM_RESET'
2019-01-30 13:43:01 3660 [Note] Shutting down plugin 'INNODB_CMPMEM'
2019-01-30 13:43:01 3660 [Note] Shutting down plugin 'INNODB_CMP_RESET'
2019-01-30 13:43:01 3660 [Note] Shutting down plugin 'INNODB_CMP'
2019-01-30 13:43:01 3660 [Note] Shutting down plugin 'INNODB_LOCK_WAITS'
2019-01-30 13:43:01 3660 [Note] Shutting down plugin 'INNODB_LOCKS'
2019-01-30 13:43:01 3660 [Note] Shutting down plugin 'INNODB_TRX'
2019-01-30 13:43:01 3660 [Note] Shutting down plugin 'InnoDB'
2019-01-30 13:43:01 3660 [Note] InnoDB: FTS optimize thread exiting.
2019-01-30 13:43:01 3660 [Note] InnoDB: Starting shutdown...
